{
  "stats": {
    "suites": 1,
    "tests": 10,
    "passes": 10,
    "pending": 0,
    "failures": 0,
    "start": "2023-08-03T16:06:55.585Z",
    "end": "2023-08-03T16:09:01.812Z",
    "duration": 126227,
    "testsRegistered": 10,
    "passPercent": 100,
    "pendingPercent": 0,
    "other": 0,
    "hasOther": false,
    "skipped": 0,
    "hasSkipped": false
  },
  "results": [
    {
      "uuid": "37e3beac-dac3-4b98-b6d0-ef3dc166839d",
      "title": "",
      "fullFile": "cypress\\e2e\\test\\addForAll.cy.js",
      "file": "cypress\\e2e\\test\\addForAll.cy.js",
      "beforeHooks": [],
      "afterHooks": [],
      "tests": [],
      "suites": [
        {
          "uuid": "eb0a64cb-18e1-4e4d-8479-737d3ccee9d5",
          "title": "Create Order",
          "fullFile": "",
          "file": "",
          "beforeHooks": [],
          "afterHooks": [],
          "tests": [
            {
              "title": "AT_001.001 | should display create order container 1",
              "fullTitle": "Create Order AT_001.001 | should display create order container 1",
              "timedOut": null,
              "duration": 10035,
              "state": "passed",
              "speed": "slow",
              "pass": true,
              "fail": false,
              "pending": false,
              "context": "{\n  \"title\": \"cypress-mochawesome-reporter-videos-passed\",\n  \"value\": \"cypress\\\\e2e\\\\test\\\\addForAll.cy.js\"\n}",
              "code": "_header.default.clickCreateOrderLink();\n_cabinet.default.getTitle().should('have.text', item.containerTitle);\n_cabinet.default.clickAddForAll();\ncy.url().should('contain', 'AddForAll');",
              "err": {},
              "uuid": "4aa674a1-d506-4dda-8c11-d44ff955b4ca",
              "parentUUID": "eb0a64cb-18e1-4e4d-8479-737d3ccee9d5",
              "isHook": false,
              "skipped": false
            },
            {
              "title": "AT_001.003 | fill in form 1",
              "fullTitle": "Create Order AT_001.003 | fill in form 1",
              "timedOut": null,
              "duration": 28922,
              "state": "passed",
              "speed": "slow",
              "pass": true,
              "fail": false,
              "pending": false,
              "context": "{\n  \"title\": \"cypress-mochawesome-reporter-videos-passed\",\n  \"value\": \"cypress\\\\e2e\\\\test\\\\addForAll.cy.js\"\n}",
              "code": "const {\n  senderData,\n  recipientData,\n  orderDetails,\n  paymentMethodToClick,\n  selectServiceToClick,\n  deliveryTypeToClick,\n  promocode,\n  additionalOptions\n} = item;\n_addForAll.default.navigateToAddForAllPage();\n_addForAll.default.selectingRegion(item.region);\n_addForAll.default.selectDeliveryType(deliveryTypeToClick);\n_addForAll.default.fillInSenderData(senderData.cyrillicAddress1, senderData.entrance, senderData.floor, senderData.apt, senderData.phoneNumber, senderData.pickupDate, senderData.pickupTimeFrom, senderData.pickupTimeTo);\n_addForAll.default.fillInRecipientData(recipientData.cyrillicAddress1, recipientData.entrance, recipientData.floor, recipientData.apt, recipientData.phoneNumber, recipientData.pickupDate, recipientData.pickupTimeFrom, recipientData.pickupTimeTo);\n_addForAll.default.addOrderDatails(orderDetails.itemName, orderDetails.value, orderDetails.weight, orderDetails.amount);\n_addForAll.default.addPromocode(promocode);\n_addForAll.default.selectPaymentMethod(paymentMethodToClick);\n_addForAll.default.addAdditionalOptions(additionalOptions.payment, additionalOptions.companyName, additionalOptions.orderNumber);\n_addForAll.default.selectService(selectServiceToClick);\n_addForAll.default.startOrder();\n_addForAll.default.getSuccessMessage().should('exist').and('contain', item.successMsg);\n_addForAll.default.invokeOrderNumber().then(orderNum => {\n  orderNumber = orderNum;\n});",
              "err": {},
              "uuid": "6f6cb3ac-4a07-4331-8d05-7b755d3fea66",
              "parentUUID": "eb0a64cb-18e1-4e4d-8479-737d3ccee9d5",
              "isHook": false,
              "skipped": false
            },
            {
              "title": "AT_001.004 | Find order 1",
              "fullTitle": "Create Order AT_001.004 | Find order 1",
              "timedOut": null,
              "duration": 8182,
              "state": "passed",
              "speed": "medium",
              "pass": true,
              "fail": false,
              "pending": false,
              "context": "{\n  \"title\": \"cypress-mochawesome-reporter-videos-passed\",\n  \"value\": \"cypress\\\\e2e\\\\test\\\\addForAll.cy.js\"\n}",
              "code": "_ordersList.default.navigateToOrderListPage();\n_ordersList.default.findOrderWithNumber(orderNumber);",
              "err": {},
              "uuid": "ae5a7717-ca6b-47c7-bb80-ece6df6dfc93",
              "parentUUID": "eb0a64cb-18e1-4e4d-8479-737d3ccee9d5",
              "isHook": false,
              "skipped": false
            },
            {
              "title": "AT_001.006 | Manage Order - Change delivery date 1",
              "fullTitle": "Create Order AT_001.006 | Manage Order - Change delivery date 1",
              "timedOut": null,
              "duration": 11829,
              "state": "passed",
              "speed": "slow",
              "pass": true,
              "fail": false,
              "pending": false,
              "context": "{\n  \"title\": \"cypress-mochawesome-reporter-videos-passed\",\n  \"value\": \"cypress\\\\e2e\\\\test\\\\addForAll.cy.js\"\n}",
              "code": "_ordersList.default.navigateToEditOrderPage(orderNumber);\n_ordersList.default.clickEditeButton();\n_addForAll.default.selectOrderDeliveryDay(item.newPickupDate);\n_addForAll.default.selectOrderDeliveryTime(item.newPickupTimeTo);\n_addForAll.default.startOrder();\n_addForAll.default.getSuccessMessage().should('exist').and('contain', item.successMsg1);",
              "err": {},
              "uuid": "d21c2e6e-ef3d-43f6-b6db-30302c60bd48",
              "parentUUID": "eb0a64cb-18e1-4e4d-8479-737d3ccee9d5",
              "isHook": false,
              "skipped": false
            },
            {
              "title": "AT_001.007 | Cancel Order 1",
              "fullTitle": "Create Order AT_001.007 | Cancel Order 1",
              "timedOut": null,
              "duration": 8328,
              "state": "passed",
              "speed": "medium",
              "pass": true,
              "fail": false,
              "pending": false,
              "context": "{\n  \"title\": \"cypress-mochawesome-reporter-videos-passed\",\n  \"value\": \"cypress\\\\e2e\\\\test\\\\addForAll.cy.js\"\n}",
              "code": "_ordersList.default.navigateToEditOrderPage(orderNumber);\n_ordersList.default.clickCancelButton();\n_ordersList.default.selectCancelReason(item.selectCancelReason);\n_ordersList.default.compliteDElete();\n_ordersList.default.checkSuccesDelete().should('contain', item.successMsg2);",
              "err": {},
              "uuid": "34f29957-2d0b-4eac-8045-392efa5dfaaa",
              "parentUUID": "eb0a64cb-18e1-4e4d-8479-737d3ccee9d5",
              "isHook": false,
              "skipped": false
            },
            {
              "title": "AT_001.001 | should display create order container 2",
              "fullTitle": "Create Order AT_001.001 | should display create order container 2",
              "timedOut": null,
              "duration": 3548,
              "state": "passed",
              "speed": "fast",
              "pass": true,
              "fail": false,
              "pending": false,
              "context": "{\n  \"title\": \"cypress-mochawesome-reporter-videos-passed\",\n  \"value\": \"cypress\\\\e2e\\\\test\\\\addForAll.cy.js\"\n}",
              "code": "_header.default.clickCreateOrderLink();\n_cabinet.default.getTitle().should('have.text', item.containerTitle);\n_cabinet.default.clickAddForAll();\ncy.url().should('contain', 'AddForAll');",
              "err": {},
              "uuid": "b78b509a-bc7d-48bd-9ac8-7b5e04d847fc",
              "parentUUID": "eb0a64cb-18e1-4e4d-8479-737d3ccee9d5",
              "isHook": false,
              "skipped": false
            },
            {
              "title": "AT_001.003 | fill in form 2",
              "fullTitle": "Create Order AT_001.003 | fill in form 2",
              "timedOut": null,
              "duration": 27480,
              "state": "passed",
              "speed": "slow",
              "pass": true,
              "fail": false,
              "pending": false,
              "context": "{\n  \"title\": \"cypress-mochawesome-reporter-videos-passed\",\n  \"value\": \"cypress\\\\e2e\\\\test\\\\addForAll.cy.js\"\n}",
              "code": "const {\n  senderData,\n  recipientData,\n  orderDetails,\n  paymentMethodToClick,\n  selectServiceToClick,\n  deliveryTypeToClick,\n  promocode,\n  additionalOptions\n} = item;\n_addForAll.default.navigateToAddForAllPage();\n_addForAll.default.selectingRegion(item.region);\n_addForAll.default.selectDeliveryType(deliveryTypeToClick);\n_addForAll.default.fillInSenderData(senderData.cyrillicAddress1, senderData.entrance, senderData.floor, senderData.apt, senderData.phoneNumber, senderData.pickupDate, senderData.pickupTimeFrom, senderData.pickupTimeTo);\n_addForAll.default.fillInRecipientData(recipientData.cyrillicAddress1, recipientData.entrance, recipientData.floor, recipientData.apt, recipientData.phoneNumber, recipientData.pickupDate, recipientData.pickupTimeFrom, recipientData.pickupTimeTo);\n_addForAll.default.addOrderDatails(orderDetails.itemName, orderDetails.value, orderDetails.weight, orderDetails.amount);\n_addForAll.default.addPromocode(promocode);\n_addForAll.default.selectPaymentMethod(paymentMethodToClick);\n_addForAll.default.addAdditionalOptions(additionalOptions.payment, additionalOptions.companyName, additionalOptions.orderNumber);\n_addForAll.default.selectService(selectServiceToClick);\n_addForAll.default.startOrder();\n_addForAll.default.getSuccessMessage().should('exist').and('contain', item.successMsg);\n_addForAll.default.invokeOrderNumber().then(orderNum => {\n  orderNumber = orderNum;\n});",
              "err": {},
              "uuid": "cd6fa890-4917-4fe0-8585-8037b38c273a",
              "parentUUID": "eb0a64cb-18e1-4e4d-8479-737d3ccee9d5",
              "isHook": false,
              "skipped": false
            },
            {
              "title": "AT_001.004 | Find order 2",
              "fullTitle": "Create Order AT_001.004 | Find order 2",
              "timedOut": null,
              "duration": 9738,
              "state": "passed",
              "speed": "medium",
              "pass": true,
              "fail": false,
              "pending": false,
              "context": "{\n  \"title\": \"cypress-mochawesome-reporter-videos-passed\",\n  \"value\": \"cypress\\\\e2e\\\\test\\\\addForAll.cy.js\"\n}",
              "code": "_ordersList.default.navigateToOrderListPage();\n_ordersList.default.findOrderWithNumber(orderNumber);",
              "err": {},
              "uuid": "8634b31a-4bf0-43aa-b39d-8c22011904b5",
              "parentUUID": "eb0a64cb-18e1-4e4d-8479-737d3ccee9d5",
              "isHook": false,
              "skipped": false
            },
            {
              "title": "AT_001.006 | Manage Order - Change delivery date 2",
              "fullTitle": "Create Order AT_001.006 | Manage Order - Change delivery date 2",
              "timedOut": null,
              "duration": 10712,
              "state": "passed",
              "speed": "slow",
              "pass": true,
              "fail": false,
              "pending": false,
              "context": "{\n  \"title\": \"cypress-mochawesome-reporter-videos-passed\",\n  \"value\": \"cypress\\\\e2e\\\\test\\\\addForAll.cy.js\"\n}",
              "code": "_ordersList.default.navigateToEditOrderPage(orderNumber);\n_ordersList.default.clickEditeButton();\n_addForAll.default.selectOrderDeliveryDay(item.newPickupDate);\n_addForAll.default.selectOrderDeliveryTime(item.newPickupTimeTo);\n_addForAll.default.startOrder();\n_addForAll.default.getSuccessMessage().should('exist').and('contain', item.successMsg1);",
              "err": {},
              "uuid": "3a2bc682-09ce-4082-9b50-47e1f50129ee",
              "parentUUID": "eb0a64cb-18e1-4e4d-8479-737d3ccee9d5",
              "isHook": false,
              "skipped": false
            },
            {
              "title": "AT_001.007 | Cancel Order 2",
              "fullTitle": "Create Order AT_001.007 | Cancel Order 2",
              "timedOut": null,
              "duration": 6954,
              "state": "passed",
              "speed": "medium",
              "pass": true,
              "fail": false,
              "pending": false,
              "context": "{\n  \"title\": \"cypress-mochawesome-reporter-videos-passed\",\n  \"value\": \"cypress\\\\e2e\\\\test\\\\addForAll.cy.js\"\n}",
              "code": "_ordersList.default.navigateToEditOrderPage(orderNumber);\n_ordersList.default.clickCancelButton();\n_ordersList.default.selectCancelReason(item.selectCancelReason);\n_ordersList.default.compliteDElete();\n_ordersList.default.checkSuccesDelete().should('contain', item.successMsg2);",
              "err": {},
              "uuid": "b9a2da62-8baf-4745-82f0-d7b171c6cc92",
              "parentUUID": "eb0a64cb-18e1-4e4d-8479-737d3ccee9d5",
              "isHook": false,
              "skipped": false
            }
          ],
          "suites": [],
          "passes": [
            "4aa674a1-d506-4dda-8c11-d44ff955b4ca",
            "6f6cb3ac-4a07-4331-8d05-7b755d3fea66",
            "ae5a7717-ca6b-47c7-bb80-ece6df6dfc93",
            "d21c2e6e-ef3d-43f6-b6db-30302c60bd48",
            "34f29957-2d0b-4eac-8045-392efa5dfaaa",
            "b78b509a-bc7d-48bd-9ac8-7b5e04d847fc",
            "cd6fa890-4917-4fe0-8585-8037b38c273a",
            "8634b31a-4bf0-43aa-b39d-8c22011904b5",
            "3a2bc682-09ce-4082-9b50-47e1f50129ee",
            "b9a2da62-8baf-4745-82f0-d7b171c6cc92"
          ],
          "failures": [],
          "pending": [],
          "skipped": [],
          "duration": 125728,
          "root": false,
          "rootEmpty": false,
          "_timeout": 2000
        }
      ],
      "passes": [],
      "failures": [],
      "pending": [],
      "skipped": [],
      "duration": 0,
      "root": true,
      "rootEmpty": true,
      "_timeout": 2000
    }
  ],
  "meta": {
    "mocha": {
      "version": "7.0.1"
    },
    "mochawesome": {
      "options": {
        "quiet": false,
        "reportFilename": "mochawesome",
        "saveHtml": false,
        "saveJson": true,
        "consoleReporter": "spec",
        "useInlineDiffs": false,
        "code": true
      },
      "version": "7.1.3"
    },
    "marge": {
      "options": {
        "overwrite": false,
        "html": false,
        "json": true,
        "reportDir": "cypress\\reports\\html\\.jsons"
      },
      "version": "6.2.0"
    }
  }
}